<?xml version="1.0" encoding="UTF-8"?>
<testng-results ignored="0" total="1" passed="1" failed="0" skipped="0">
  <reporter-output>
  </reporter-output>
  <suite started-at="2023-05-16T18:48:09 EDT" name="Default suite" finished-at="2023-05-16T18:48:34 EDT" duration-ms="25013">
    <groups>
    </groups>
    <test started-at="2023-05-16T18:48:09 EDT" name="Default test" finished-at="2023-05-16T18:48:34 EDT" duration-ms="25013">
      <class name="ecommerce.testautomation">
        <test-method is-config="true" signature="launchApplication()[pri:0, instance:ecommerce.testautomation@a530d0a]" started-at="2023-05-16T18:48:09 EDT" name="launchApplication" finished-at="2023-05-16T18:48:18 EDT" duration-ms="8331" status="PASS">
          <reporter-output>
          </reporter-output>
        </test-method> <!-- launchApplication -->
        <test-method signature="SubmitOrder()[pri:0, instance:ecommerce.testautomation@a530d0a]" started-at="2023-05-16T18:48:18 EDT" name="SubmitOrder" finished-at="2023-05-16T18:48:34 EDT" duration-ms="16013" status="PASS">
          <reporter-output>
          </reporter-output>
        </test-method> <!-- SubmitOrder -->
        <test-method is-config="true" signature="teardown()[pri:0, instance:ecommerce.testautomation@a530d0a]" started-at="2023-05-16T18:48:34 EDT" name="teardown" finished-at="2023-05-16T18:48:34 EDT" duration-ms="592" status="PASS">
          <reporter-output>
          </reporter-output>
        </test-method> <!-- teardown -->
      </class> <!-- ecommerce.testautomation -->
    </test> <!-- Default test -->
  </suite> <!-- Default suite -->
</testng-results>
